INFO:root:Добавлен магазин: Magnit,и  moloko, С ценой 123 рублей.
WARNING:root:Магазины не найдены.
WARNING:root:Магазины не найдены.
WARNING:root:Магазины не найдены.
INFO:root:Добавлен магазин: magnit,и  moloko, С ценой 123 рублей.
ERROR:root:Ошибка: select -> Unknown command
ERROR:root:Ошибка:  -> Unknown command
ERROR:root:Ошибка: 'tuple' object has no attribute 'name'
INFO:root:Добавлен магазин: MAGNIT,и  MOLOKO, С ценой 456 рублей.
ERROR:root:Ошибка: display -> Unknown command
ERROR:root:Ошибка: d -> Unknown command
ERROR:root:Ошибка:  -> Unknown command
ERROR:root:Ошибка: display -> Unknown command
ERROR:root:Ошибка:  -> Unknown command
INFO:root:Отображен список магазинов.
WARNING:root:Магазины не найдены.
INFO:root:Добавлен магазин: magnit,и  moloko, С ценой 123 рублей.
ERROR:root:Ошибка: select -> Unknown command
ERROR:root:Ошибка: 'str' object is not callable
INFO:root:Добавлен магазин: magnit,и  moloko, С ценой 123 рублей.
ERROR:root:Ошибка: select -> Unknown command
ERROR:root:Ошибка: 'Shops' object has no attribute 'get'
INFO:root:Добавлен магазин: magnit,и  123, С ценой 223 рублей.
ERROR:root:Ошибка: unsupported format string passed to tuple.__format__
INFO:root:Добавлен магазин: magnit,и  mol, С ценой 343 рублей.
ERROR:root:Ошибка: unsupported format string passed to tuple.__format__
INFO:root:Добавлен магазин: magnit,и  moloko, С ценой 233 рублей.
WARNING:root:Магазины не найдены.
INFO:root:Добавлен магазин: magnit,и  moloko, С ценой 345 рублей.
ERROR:root:Ошибка: cannot switch from manual field specification to automatic field numbering
INFO:root:Добавлен магазин: magnit,и  moloko, С ценой 34 рублей.
ERROR:root:Ошибка: select -> Unknown command
WARNING:root:Магазины не найдены.
INFO:root:Добавлен магазин: magnit,и  moloko, С ценой 34 рублей.
WARNING:root:Магазины не найдены.
[2022-03-17 22:39:37,987] [INFO] => Добавлен магазин: magnit,и  luk, С ценой 45 рублей.
[2022-03-17 22:39:46,076] [WARNING] => Магазины не найдены.
[2022-03-17 22:41:12,833] [INFO] => Добавлен магазин: lenta,и  muse, С ценой 456 рублей.
[2022-03-17 22:41:17,481] [WARNING] => Магазины не найдены.
[2022-03-17 22:43:57,542] [INFO] => Добавлен магазин: pytearochka,и  kolbasa, С ценой 450 рублей.
[2022-03-17 22:44:01,257] [INFO] => Отображен список магазинов.
[2022-03-17 22:50:38,523] [INFO] => Добавлен магазин: bingo,и  moloko, С ценой 34 рублей.
[2022-03-17 22:50:59,968] [INFO] => Добавлен магазин: bingo,и  tufli, С ценой 345 рублей.
[2022-03-17 22:51:02,818] [INFO] => Отображен список магазинов.
[2022-03-17 22:51:20,235] [ERROR] => Ошибка: save -> Unknown command
[2022-03-17 22:52:51,105] [ERROR] => Ошибка: add  -> Unknown command
[2022-03-17 22:53:03,646] [INFO] => Добавлен магазин: magaz,и  maslo, С ценой 90 рублей.
[2022-03-17 22:53:23,072] [INFO] => Добавлен магазин: magaz,и  kit, С ценой 300 рублей.
[2022-03-17 22:53:25,261] [INFO] => Отображен список магазинов.
[2022-03-17 22:55:32,299] [INFO] => Добавлен магазин: magaz,и  maslo, С ценой 223 рублей.
[2022-03-17 22:55:40,630] [ERROR] => Ошибка: 'NoneType' object has no attribute 'cout'
[2022-03-17 22:56:31,171] [INFO] => Добавлен магазин: magazin,и  maslo, С ценой 343 рублей.
[2022-03-17 22:56:37,449] [ERROR] => Ошибка: object of type 'NoneType' has no len()
[2022-03-17 22:59:34,995] [INFO] => Добавлен магазин: ktol,и  jija, С ценой 3344 рублей.
[2022-03-17 22:59:42,054] [INFO] => Найдено None товаров 
[2022-03-17 23:01:46,534] [INFO] => Добавлен магазин: Toloka,и  riba, С ценой 670 рублей.
[2022-03-17 23:02:01,576] [INFO] => Добавлен магазин: Toloka,и  raki, С ценой 45 рублей.
[2022-03-17 23:02:03,922] [INFO] => Отображен список магазинов.
[2022-03-17 23:02:10,506] [INFO] => Найдено 0 товаров 
[2022-03-17 23:04:34,016] [ERROR] => Ошибка: invalid literal for int() with base 10: 'pila'
[2022-03-17 23:04:36,596] [ERROR] => Ошибка:  -> Unknown command
[2022-03-17 23:05:02,535] [INFO] => Добавлен магазин: univermag,и  tetrad, С ценой 234 рублей.
[2022-03-17 23:05:19,364] [INFO] => Добавлен магазин: univermag,и  karandash, С ценой 34 рублей.
[2022-03-17 23:05:21,580] [INFO] => Отображен список магазинов.
[2022-03-17 23:05:29,596] [INFO] => Найдено 0 товаров 
[2022-03-17 23:07:07,937] [INFO] => Найдено 0 товаров 
[2022-03-17 23:07:43,690] [INFO] => Добавлен магазин: jojo,и  topor, С ценой 33 рублей.
[2022-03-17 23:07:57,538] [INFO] => Добавлен магазин: jojo,и  port, С ценой 346 рублей.
[2022-03-17 23:08:00,805] [INFO] => Отображен список магазинов.
[2022-03-17 23:09:40,225] [INFO] => Добавлен магазин: olo,и  alo, С ценой 334 рублей.
[2022-03-17 23:10:28,744] [INFO] => Добавлен магазин: olok,и  pole, С ценой 345 рублей.
[2022-03-17 23:10:32,519] [INFO] => Найдено 0 товаров 
[2022-03-17 23:10:59,280] [INFO] => Добавлен магазин: olok,и  lok, С ценой 334 рублей.
[2022-03-17 23:11:03,262] [INFO] => Найдено 0 товаров 
[2022-03-17 23:15:18,915] [INFO] => Добавлен магазин: foma,и товар Ugi, С ценой 34 рублей.
[2022-03-17 23:15:34,024] [INFO] => Добавлен магазин: foma,и товар shits, С ценой 345 рублей.
[2022-03-17 23:15:36,609] [INFO] => Отображен список магазинов.
[2022-03-17 23:15:40,561] [INFO] => Найдено 0 товаров 
[2022-03-17 23:15:46,895] [INFO] => Найдено 2 товаров 
[2022-03-17 23:18:19,129] [INFO] => Добавлен магазин: larek,и товар ogurec, С ценой 234 рублей.
[2022-03-17 23:18:30,659] [INFO] => Добавлен магазин: larek,и товар pomidor, С ценой 33455 рублей.
[2022-03-17 23:18:36,290] [INFO] => Найдено 2 товаров 
[2022-03-17 23:18:41,074] [INFO] => Найдено 0 товаров 
[2022-03-17 23:20:47,091] [INFO] => Добавлен магазин: reebok,и товар ball, С ценой 234 рублей.
[2022-03-17 23:20:59,833] [INFO] => Добавлен магазин: reebok,и товар raketka, С ценой 665 рублей.
[2022-03-17 23:21:04,627] [INFO] => Найдено 2 товаров 
[2022-03-17 23:21:15,381] [INFO] => Найдено 0 товаров 
